<?xml version="1.0" encoding="UTF-8"?>
<coverage generated="1774373656285" clover="3.2.0">
  <project timestamp="1774373656285" name="All files">
    <metrics statements="106" coveredstatements="104" conditionals="67" coveredconditionals="63" methods="39" coveredmethods="38" elements="212" coveredelements="205" complexity="0" loc="106" ncloc="106" packages="4" files="6" classes="6"/>
    <package name="core">
      <metrics statements="5" coveredstatements="5" conditionals="0" coveredconditionals="0" methods="0" coveredmethods="0"/>
      <file name="config.js" path="/Users/vdobranov/Yandex.Disk.localized/Python/Mac/ANCHOR-BOLT-GENERATOR/js/core/config.js">
        <metrics statements="1" coveredstatements="1" conditionals="0" coveredconditionals="0" methods="0" coveredmethods="0"/>
        <line num="5" count="2" type="stmt"/>
      </file>
      <file name="constants.js" path="/Users/vdobranov/Yandex.Disk.localized/Python/Mac/ANCHOR-BOLT-GENERATOR/js/core/constants.js">
        <metrics statements="4" coveredstatements="4" conditionals="0" coveredconditionals="0" methods="0" coveredmethods="0"/>
        <line num="5" count="3" type="stmt"/>
        <line num="12" count="3" type="stmt"/>
        <line num="18" count="3" type="stmt"/>
        <line num="20" count="3" type="stmt"/>
      </file>
    </package>
    <package name="services">
      <metrics statements="36" coveredstatements="35" conditionals="30" coveredconditionals="29" methods="5" coveredmethods="5"/>
      <file name="validationService.js" path="/Users/vdobranov/Yandex.Disk.localized/Python/Mac/ANCHOR-BOLT-GENERATOR/js/services/validationService.js">
        <metrics statements="36" coveredstatements="35" conditionals="30" coveredconditionals="29" methods="5" coveredmethods="5"/>
        <line num="17" count="11" type="cond" truecount="2" falsecount="0"/>
        <line num="18" count="4" type="stmt"/>
        <line num="21" count="7" type="cond" truecount="2" falsecount="0"/>
        <line num="22" count="2" type="stmt"/>
        <line num="25" count="5" type="stmt"/>
        <line num="34" count="12" type="cond" truecount="2" falsecount="0"/>
        <line num="35" count="3" type="stmt"/>
        <line num="38" count="9" type="stmt"/>
        <line num="39" count="9" type="cond" truecount="2" falsecount="0"/>
        <line num="40" count="1" type="stmt"/>
        <line num="43" count="8" type="cond" truecount="2" falsecount="0"/>
        <line num="44" count="2" type="stmt"/>
        <line num="47" count="6" type="stmt"/>
        <line num="56" count="9" type="cond" truecount="2" falsecount="0"/>
        <line num="57" count="2" type="stmt"/>
        <line num="60" count="7" type="stmt"/>
        <line num="61" count="7" type="cond" truecount="1" falsecount="1"/>
        <line num="62" count="0" type="stmt"/>
        <line num="65" count="7" type="cond" truecount="4" falsecount="0"/>
        <line num="66" count="3" type="stmt"/>
        <line num="69" count="4" type="stmt"/>
        <line num="78" count="9" type="cond" truecount="2" falsecount="0"/>
        <line num="79" count="3" type="stmt"/>
        <line num="82" count="6" type="cond" truecount="2" falsecount="0"/>
        <line num="83" count="2" type="stmt"/>
        <line num="86" count="4" type="stmt"/>
        <line num="95" count="3" type="stmt"/>
        <line num="97" count="3" type="stmt"/>
        <line num="98" count="3" type="cond" truecount="2" falsecount="0"/>
        <line num="100" count="3" type="stmt"/>
        <line num="101" count="3" type="cond" truecount="2" falsecount="0"/>
        <line num="103" count="3" type="stmt"/>
        <line num="104" count="3" type="cond" truecount="2" falsecount="0"/>
        <line num="106" count="3" type="stmt"/>
        <line num="107" count="3" type="cond" truecount="2" falsecount="0"/>
        <line num="109" count="3" type="stmt"/>
      </file>
    </package>
    <package name="ui">
      <metrics statements="25" coveredstatements="24" conditionals="11" coveredconditionals="8" methods="10" coveredmethods="9"/>
      <file name="status.js" path="/Users/vdobranov/Yandex.Disk.localized/Python/Mac/ANCHOR-BOLT-GENERATOR/js/ui/status.js">
        <metrics statements="25" coveredstatements="24" conditionals="11" coveredconditionals="8" methods="10" coveredmethods="9"/>
        <line num="14" count="12" type="stmt"/>
        <line num="15" count="12" type="stmt"/>
        <line num="22" count="11" type="stmt"/>
        <line num="31" count="10" type="cond" truecount="1" falsecount="1"/>
        <line num="32" count="10" type="stmt"/>
        <line num="35" count="10" type="cond" truecount="1" falsecount="1"/>
        <line num="37" count="10" type="stmt"/>
        <line num="38" count="30" type="stmt"/>
        <line num="42" count="10" type="stmt"/>
        <line num="43" count="10" type="stmt"/>
        <line num="44" count="10" type="stmt"/>
        <line num="47" count="10" type="cond" truecount="2" falsecount="0"/>
        <line num="48" count="4" type="stmt"/>
        <line num="49" count="4" type="stmt"/>
        <line num="50" count="0" type="stmt"/>
        <line num="60" count="1" type="cond" truecount="1" falsecount="1"/>
        <line num="61" count="1" type="stmt"/>
        <line num="62" count="1" type="stmt"/>
        <line num="70" count="6" type="cond" truecount="2" falsecount="0"/>
        <line num="71" count="1" type="stmt"/>
        <line num="72" count="1" type="stmt"/>
        <line num="81" count="1" type="stmt"/>
        <line num="89" count="1" type="stmt"/>
        <line num="97" count="1" type="stmt"/>
        <line num="102" count="1" type="stmt"/>
      </file>
    </package>
    <package name="utils">
      <metrics statements="40" coveredstatements="40" conditionals="26" coveredconditionals="26" methods="24" coveredmethods="24"/>
      <file name="dom.js" path="/Users/vdobranov/Yandex.Disk.localized/Python/Mac/ANCHOR-BOLT-GENERATOR/js/utils/dom.js">
        <metrics statements="17" coveredstatements="17" conditionals="15" coveredconditionals="15" methods="10" coveredmethods="10"/>
        <line num="11" count="20" type="stmt"/>
        <line num="20" count="2" type="stmt"/>
        <line num="29" count="2" type="stmt"/>
        <line num="38" count="13" type="cond" truecount="2" falsecount="0"/>
        <line num="39" count="11" type="stmt"/>
        <line num="49" count="33" type="cond" truecount="2" falsecount="0"/>
        <line num="50" count="31" type="stmt"/>
        <line num="60" count="4" type="cond" truecount="2" falsecount="0"/>
        <line num="61" count="2" type="stmt"/>
        <line num="71" count="13" type="cond" truecount="2" falsecount="0"/>
        <line num="72" count="11" type="stmt"/>
        <line num="82" count="3" type="cond" truecount="2" falsecount="0"/>
        <line num="83" count="1" type="stmt"/>
        <line num="95" count="3" type="cond" truecount="2" falsecount="0"/>
        <line num="96" count="1" type="stmt"/>
        <line num="107" count="3" type="cond" truecount="2" falsecount="0"/>
        <line num="108" count="1" type="stmt"/>
      </file>
      <file name="helpers.js" path="/Users/vdobranov/Yandex.Disk.localized/Python/Mac/ANCHOR-BOLT-GENERATOR/js/utils/helpers.js">
        <metrics statements="23" coveredstatements="23" conditionals="11" coveredconditionals="11" methods="14" coveredmethods="14"/>
        <line num="11" count="5" type="stmt"/>
        <line num="21" count="5" type="stmt"/>
        <line num="22" count="5" type="stmt"/>
        <line num="31" count="7" type="cond" truecount="2" falsecount="0"/>
        <line num="40" count="12" type="cond" truecount="2" falsecount="0"/>
        <line num="41" count="2" type="stmt"/>
        <line num="43" count="10" type="cond" truecount="4" falsecount="0"/>
        <line num="44" count="2" type="stmt"/>
        <line num="46" count="8" type="stmt"/>
        <line num="55" count="2" type="stmt"/>
        <line num="63" count="2" type="stmt"/>
        <line num="72" count="2" type="stmt"/>
        <line num="83" count="3" type="stmt"/>
        <line num="84" count="6" type="stmt"/>
        <line num="85" count="3" type="stmt"/>
        <line num="86" count="3" type="stmt"/>
        <line num="88" count="6" type="stmt"/>
        <line num="89" count="6" type="stmt"/>
        <line num="101" count="3" type="stmt"/>
        <line num="102" count="8" type="cond" truecount="2" falsecount="0"/>
        <line num="103" count="5" type="stmt"/>
        <line num="104" count="5" type="stmt"/>
        <line num="105" count="5" type="stmt"/>
      </file>
    </package>
  </project>
</coverage>
