{"/Users/vdobranov/Yandex.Disk.localized/Python/Mac/ANCHOR-BOLT-GENERATOR/js/core/config.js": {"path":"/Users/vdobranov/Yandex.Disk.localized/Python/Mac/ANCHOR-BOLT-GENERATOR/js/core/config.js","statementMap":{"0":{"start":{"line":5,"column":26},"end":{"line":65,"column":2}}},"fnMap":{},"branchMap":{},"s":{"0":2},"f":{},"b":{},"inputSourceMap":null,"_coverageSchema":"1a1c01bbd47fc00a2c39e90264f33305004495a9","hash":"8f80548a1ef118172d5630bdd2f8d30069e87961"}
,"/Users/vdobranov/Yandex.Disk.localized/Python/Mac/ANCHOR-BOLT-GENERATOR/js/core/constants.js": {"path":"/Users/vdobranov/Yandex.Disk.localized/Python/Mac/ANCHOR-BOLT-GENERATOR/js/core/constants.js","statementMap":{"0":{"start":{"line":5,"column":26},"end":{"line":10,"column":2}},"1":{"start":{"line":12,"column":25},"end":{"line":16,"column":2}},"2":{"start":{"line":18,"column":35},"end":{"line":18,"column":82}},"3":{"start":{"line":20,"column":28},"end":{"line":24,"column":2}}},"fnMap":{},"branchMap":{},"s":{"0":3,"1":3,"2":3,"3":3},"f":{},"b":{},"inputSourceMap":null,"_coverageSchema":"1a1c01bbd47fc00a2c39e90264f33305004495a9","hash":"c58f29864971acc50063e7c471c0918c25bf2895"}
,"/Users/vdobranov/Yandex.Disk.localized/Python/Mac/ANCHOR-BOLT-GENERATOR/js/services/validationService.js": {"path":"/Users/vdobranov/Yandex.Disk.localized/Python/Mac/ANCHOR-BOLT-GENERATOR/js/services/validationService.js","statementMap":{"0":{"start":{"line":17,"column":8},"end":{"line":19,"column":9}},"1":{"start":{"line":18,"column":12},"end":{"line":18,"column":66}},"2":{"start":{"line":21,"column":8},"end":{"line":23,"column":9}},"3":{"start":{"line":22,"column":12},"end":{"line":22,"column":86}},"4":{"start":{"line":25,"column":8},"end":{"line":25,"column":44}},"5":{"start":{"line":34,"column":8},"end":{"line":36,"column":9}},"6":{"start":{"line":35,"column":12},"end":{"line":35,"column":64}},"7":{"start":{"line":38,"column":28},"end":{"line":38,"column":44}},"8":{"start":{"line":39,"column":8},"end":{"line":41,"column":9}},"9":{"start":{"line":40,"column":12},"end":{"line":40,"column":73}},"10":{"start":{"line":43,"column":8},"end":{"line":45,"column":9}},"11":{"start":{"line":44,"column":12},"end":{"line":44,"column":110}},"12":{"start":{"line":47,"column":8},"end":{"line":47,"column":44}},"13":{"start":{"line":56,"column":8},"end":{"line":58,"column":9}},"14":{"start":{"line":57,"column":12},"end":{"line":57,"column":63}},"15":{"start":{"line":60,"column":26},"end":{"line":60,"column":40}},"16":{"start":{"line":61,"column":8},"end":{"line":63,"column":9}},"17":{"start":{"line":62,"column":12},"end":{"line":62,"column":71}},"18":{"start":{"line":65,"column":8},"end":{"line":67,"column":9}},"19":{"start":{"line":66,"column":12},"end":{"line":66,"column":82}},"20":{"start":{"line":69,"column":8},"end":{"line":69,"column":44}},"21":{"start":{"line":78,"column":8},"end":{"line":80,"column":9}},"22":{"start":{"line":79,"column":12},"end":{"line":79,"column":65}},"23":{"start":{"line":82,"column":8},"end":{"line":84,"column":9}},"24":{"start":{"line":83,"column":12},"end":{"line":83,"column":85}},"25":{"start":{"line":86,"column":8},"end":{"line":86,"column":44}},"26":{"start":{"line":95,"column":23},"end":{"line":95,"column":25}},"27":{"start":{"line":97,"column":27},"end":{"line":97,"column":66}},"28":{"start":{"line":98,"column":8},"end":{"line":98,"column":61}},"29":{"start":{"line":98,"column":31},"end":{"line":98,"column":61}},"30":{"start":{"line":100,"column":31},"end":{"line":100,"column":69}},"31":{"start":{"line":101,"column":8},"end":{"line":101,"column":69}},"32":{"start":{"line":101,"column":35},"end":{"line":101,"column":69}},"33":{"start":{"line":103,"column":29},"end":{"line":103,"column":63}},"34":{"start":{"line":104,"column":8},"end":{"line":104,"column":65}},"35":{"start":{"line":104,"column":33},"end":{"line":104,"column":65}},"36":{"start":{"line":106,"column":31},"end":{"line":106,"column":69}},"37":{"start":{"line":107,"column":8},"end":{"line":107,"column":69}},"38":{"start":{"line":107,"column":35},"end":{"line":107,"column":69}},"39":{"start":{"line":109,"column":8},"end":{"line":112,"column":10}}},"fnMap":{"0":{"name":"(anonymous_0)","decl":{"start":{"line":16,"column":4},"end":{"line":16,"column":5}},"loc":{"start":{"line":16,"column":38},"end":{"line":26,"column":5}},"line":16},"1":{"name":"(anonymous_1)","decl":{"start":{"line":33,"column":4},"end":{"line":33,"column":5}},"loc":{"start":{"line":33,"column":38},"end":{"line":48,"column":5}},"line":33},"2":{"name":"(anonymous_2)","decl":{"start":{"line":55,"column":4},"end":{"line":55,"column":5}},"loc":{"start":{"line":55,"column":34},"end":{"line":70,"column":5}},"line":55},"3":{"name":"(anonymous_3)","decl":{"start":{"line":77,"column":4},"end":{"line":77,"column":5}},"loc":{"start":{"line":77,"column":38},"end":{"line":87,"column":5}},"line":77},"4":{"name":"(anonymous_4)","decl":{"start":{"line":94,"column":4},"end":{"line":94,"column":5}},"loc":{"start":{"line":94,"column":38},"end":{"line":113,"column":5}},"line":94}},"branchMap":{"0":{"loc":{"start":{"line":17,"column":8},"end":{"line":19,"column":9}},"type":"if","locations":[{"start":{"line":17,"column":8},"end":{"line":19,"column":9}},{"start":{},"end":{}}],"line":17},"1":{"loc":{"start":{"line":21,"column":8},"end":{"line":23,"column":9}},"type":"if","locations":[{"start":{"line":21,"column":8},"end":{"line":23,"column":9}},{"start":{},"end":{}}],"line":21},"2":{"loc":{"start":{"line":34,"column":8},"end":{"line":36,"column":9}},"type":"if","locations":[{"start":{"line":34,"column":8},"end":{"line":36,"column":9}},{"start":{},"end":{}}],"line":34},"3":{"loc":{"start":{"line":39,"column":8},"end":{"line":41,"column":9}},"type":"if","locations":[{"start":{"line":39,"column":8},"end":{"line":41,"column":9}},{"start":{},"end":{}}],"line":39},"4":{"loc":{"start":{"line":43,"column":8},"end":{"line":45,"column":9}},"type":"if","locations":[{"start":{"line":43,"column":8},"end":{"line":45,"column":9}},{"start":{},"end":{}}],"line":43},"5":{"loc":{"start":{"line":56,"column":8},"end":{"line":58,"column":9}},"type":"if","locations":[{"start":{"line":56,"column":8},"end":{"line":58,"column":9}},{"start":{},"end":{}}],"line":56},"6":{"loc":{"start":{"line":61,"column":8},"end":{"line":63,"column":9}},"type":"if","locations":[{"start":{"line":61,"column":8},"end":{"line":63,"column":9}},{"start":{},"end":{}}],"line":61},"7":{"loc":{"start":{"line":65,"column":8},"end":{"line":67,"column":9}},"type":"if","locations":[{"start":{"line":65,"column":8},"end":{"line":67,"column":9}},{"start":{},"end":{}}],"line":65},"8":{"loc":{"start":{"line":65,"column":12},"end":{"line":65,"column":47}},"type":"binary-expr","locations":[{"start":{"line":65,"column":12},"end":{"line":65,"column":27}},{"start":{"line":65,"column":31},"end":{"line":65,"column":47}}],"line":65},"9":{"loc":{"start":{"line":78,"column":8},"end":{"line":80,"column":9}},"type":"if","locations":[{"start":{"line":78,"column":8},"end":{"line":80,"column":9}},{"start":{},"end":{}}],"line":78},"10":{"loc":{"start":{"line":82,"column":8},"end":{"line":84,"column":9}},"type":"if","locations":[{"start":{"line":82,"column":8},"end":{"line":84,"column":9}},{"start":{},"end":{}}],"line":82},"11":{"loc":{"start":{"line":98,"column":8},"end":{"line":98,"column":61}},"type":"if","locations":[{"start":{"line":98,"column":8},"end":{"line":98,"column":61}},{"start":{},"end":{}}],"line":98},"12":{"loc":{"start":{"line":101,"column":8},"end":{"line":101,"column":69}},"type":"if","locations":[{"start":{"line":101,"column":8},"end":{"line":101,"column":69}},{"start":{},"end":{}}],"line":101},"13":{"loc":{"start":{"line":104,"column":8},"end":{"line":104,"column":65}},"type":"if","locations":[{"start":{"line":104,"column":8},"end":{"line":104,"column":65}},{"start":{},"end":{}}],"line":104},"14":{"loc":{"start":{"line":107,"column":8},"end":{"line":107,"column":69}},"type":"if","locations":[{"start":{"line":107,"column":8},"end":{"line":107,"column":69}},{"start":{},"end":{}}],"line":107}},"s":{"0":11,"1":4,"2":7,"3":2,"4":5,"5":12,"6":3,"7":9,"8":9,"9":1,"10":8,"11":2,"12":6,"13":9,"14":2,"15":7,"16":7,"17":0,"18":7,"19":3,"20":4,"21":9,"22":3,"23":6,"24":2,"25":4,"26":3,"27":3,"28":3,"29":2,"30":3,"31":3,"32":2,"33":3,"34":3,"35":2,"36":3,"37":3,"38":2,"39":3},"f":{"0":11,"1":12,"2":9,"3":9,"4":3},"b":{"0":[4,7],"1":[2,5],"2":[3,9],"3":[1,8],"4":[2,6],"5":[2,7],"6":[0,7],"7":[3,4],"8":[7,5],"9":[3,6],"10":[2,4],"11":[2,1],"12":[2,1],"13":[2,1],"14":[2,1]},"inputSourceMap":null,"_coverageSchema":"1a1c01bbd47fc00a2c39e90264f33305004495a9","hash":"960435a6298d0e6c4d71122199c8505754aac271"}
,"/Users/vdobranov/Yandex.Disk.localized/Python/Mac/ANCHOR-BOLT-GENERATOR/js/ui/status.js": {"path":"/Users/vdobranov/Yandex.Disk.localized/Python/Mac/ANCHOR-BOLT-GENERATOR/js/ui/status.js","statementMap":{"0":{"start":{"line":14,"column":8},"end":{"line":14,"column":34}},"1":{"start":{"line":15,"column":8},"end":{"line":15,"column":30}},"2":{"start":{"line":22,"column":8},"end":{"line":22,"column":47}},"3":{"start":{"line":31,"column":8},"end":{"line":33,"column":9}},"4":{"start":{"line":32,"column":12},"end":{"line":32,"column":24}},"5":{"start":{"line":35,"column":8},"end":{"line":53,"column":9}},"6":{"start":{"line":37,"column":12},"end":{"line":39,"column":15}},"7":{"start":{"line":38,"column":16},"end":{"line":38,"column":63}},"8":{"start":{"line":42,"column":12},"end":{"line":42,"column":49}},"9":{"start":{"line":43,"column":12},"end":{"line":43,"column":59}},"10":{"start":{"line":44,"column":12},"end":{"line":44,"column":55}},"11":{"start":{"line":47,"column":12},"end":{"line":52,"column":13}},"12":{"start":{"line":48,"column":16},"end":{"line":48,"column":37}},"13":{"start":{"line":49,"column":16},"end":{"line":51,"column":55}},"14":{"start":{"line":50,"column":20},"end":{"line":50,"column":32}},"15":{"start":{"line":60,"column":8},"end":{"line":63,"column":9}},"16":{"start":{"line":61,"column":12},"end":{"line":61,"column":54}},"17":{"start":{"line":62,"column":12},"end":{"line":62,"column":33}},"18":{"start":{"line":70,"column":8},"end":{"line":73,"column":9}},"19":{"start":{"line":71,"column":12},"end":{"line":71,"column":41}},"20":{"start":{"line":72,"column":12},"end":{"line":72,"column":34}},"21":{"start":{"line":81,"column":8},"end":{"line":81,"column":49}},"22":{"start":{"line":89,"column":8},"end":{"line":89,"column":47}},"23":{"start":{"line":97,"column":8},"end":{"line":97,"column":46}},"24":{"start":{"line":102,"column":29},"end":{"line":102,"column":48}}},"fnMap":{"0":{"name":"(anonymous_0)","decl":{"start":{"line":13,"column":4},"end":{"line":13,"column":5}},"loc":{"start":{"line":13,"column":18},"end":{"line":16,"column":5}},"line":13},"1":{"name":"(anonymous_1)","decl":{"start":{"line":21,"column":4},"end":{"line":21,"column":5}},"loc":{"start":{"line":21,"column":11},"end":{"line":23,"column":5}},"line":21},"2":{"name":"(anonymous_2)","decl":{"start":{"line":30,"column":4},"end":{"line":30,"column":5}},"loc":{"start":{"line":30,"column":44},"end":{"line":54,"column":5}},"line":30},"3":{"name":"(anonymous_3)","decl":{"start":{"line":37,"column":48},"end":{"line":37,"column":49}},"loc":{"start":{"line":37,"column":53},"end":{"line":39,"column":13}},"line":37},"4":{"name":"(anonymous_4)","decl":{"start":{"line":49,"column":44},"end":{"line":49,"column":45}},"loc":{"start":{"line":49,"column":50},"end":{"line":51,"column":17}},"line":49},"5":{"name":"(anonymous_5)","decl":{"start":{"line":59,"column":4},"end":{"line":59,"column":5}},"loc":{"start":{"line":59,"column":11},"end":{"line":64,"column":5}},"line":59},"6":{"name":"(anonymous_6)","decl":{"start":{"line":69,"column":4},"end":{"line":69,"column":5}},"loc":{"start":{"line":69,"column":20},"end":{"line":74,"column":5}},"line":69},"7":{"name":"(anonymous_7)","decl":{"start":{"line":80,"column":4},"end":{"line":80,"column":5}},"loc":{"start":{"line":80,"column":21},"end":{"line":82,"column":5}},"line":80},"8":{"name":"(anonymous_8)","decl":{"start":{"line":88,"column":4},"end":{"line":88,"column":5}},"loc":{"start":{"line":88,"column":19},"end":{"line":90,"column":5}},"line":88},"9":{"name":"(anonymous_9)","decl":{"start":{"line":96,"column":4},"end":{"line":96,"column":5}},"loc":{"start":{"line":96,"column":18},"end":{"line":98,"column":5}},"line":96}},"branchMap":{"0":{"loc":{"start":{"line":30,"column":18},"end":{"line":30,"column":42}},"type":"default-arg","locations":[{"start":{"line":30,"column":25},"end":{"line":30,"column":42}}],"line":30},"1":{"loc":{"start":{"line":31,"column":8},"end":{"line":33,"column":9}},"type":"if","locations":[{"start":{"line":31,"column":8},"end":{"line":33,"column":9}},{"start":{},"end":{}}],"line":31},"2":{"loc":{"start":{"line":35,"column":8},"end":{"line":53,"column":9}},"type":"if","locations":[{"start":{"line":35,"column":8},"end":{"line":53,"column":9}},{"start":{},"end":{}}],"line":35},"3":{"loc":{"start":{"line":47,"column":12},"end":{"line":52,"column":13}},"type":"if","locations":[{"start":{"line":47,"column":12},"end":{"line":52,"column":13}},{"start":{},"end":{}}],"line":47},"4":{"loc":{"start":{"line":60,"column":8},"end":{"line":63,"column":9}},"type":"if","locations":[{"start":{"line":60,"column":8},"end":{"line":63,"column":9}},{"start":{},"end":{}}],"line":60},"5":{"loc":{"start":{"line":70,"column":8},"end":{"line":73,"column":9}},"type":"if","locations":[{"start":{"line":70,"column":8},"end":{"line":73,"column":9}},{"start":{},"end":{}}],"line":70}},"s":{"0":12,"1":12,"2":11,"3":10,"4":10,"5":10,"6":10,"7":30,"8":10,"9":10,"10":10,"11":10,"12":4,"13":4,"14":0,"15":1,"16":1,"17":1,"18":6,"19":1,"20":1,"21":1,"22":1,"23":1,"24":1},"f":{"0":12,"1":11,"2":10,"3":30,"4":0,"5":1,"6":6,"7":1,"8":1,"9":1},"b":{"0":[1],"1":[10,0],"2":[10,0],"3":[4,6],"4":[1,0],"5":[1,5]},"inputSourceMap":null,"_coverageSchema":"1a1c01bbd47fc00a2c39e90264f33305004495a9","hash":"a83a0a32da0a4701042084bfcd12dd9d942834a4"}
,"/Users/vdobranov/Yandex.Disk.localized/Python/Mac/ANCHOR-BOLT-GENERATOR/js/utils/dom.js": {"path":"/Users/vdobranov/Yandex.Disk.localized/Python/Mac/ANCHOR-BOLT-GENERATOR/js/utils/dom.js","statementMap":{"0":{"start":{"line":11,"column":4},"end":{"line":11,"column":39}},"1":{"start":{"line":20,"column":4},"end":{"line":20,"column":47}},"2":{"start":{"line":29,"column":4},"end":{"line":29,"column":44}},"3":{"start":{"line":38,"column":4},"end":{"line":40,"column":5}},"4":{"start":{"line":39,"column":8},"end":{"line":39,"column":41}},"5":{"start":{"line":49,"column":4},"end":{"line":51,"column":5}},"6":{"start":{"line":50,"column":8},"end":{"line":50,"column":44}},"7":{"start":{"line":60,"column":4},"end":{"line":62,"column":5}},"8":{"start":{"line":61,"column":8},"end":{"line":61,"column":44}},"9":{"start":{"line":71,"column":4},"end":{"line":73,"column":5}},"10":{"start":{"line":72,"column":8},"end":{"line":72,"column":35}},"11":{"start":{"line":82,"column":4},"end":{"line":84,"column":5}},"12":{"start":{"line":83,"column":8},"end":{"line":83,"column":33}},"13":{"start":{"line":95,"column":4},"end":{"line":97,"column":5}},"14":{"start":{"line":96,"column":8},"end":{"line":96,"column":58}},"15":{"start":{"line":107,"column":4},"end":{"line":109,"column":5}},"16":{"start":{"line":108,"column":8},"end":{"line":108,"column":52}}},"fnMap":{"0":{"name":"getById","decl":{"start":{"line":10,"column":16},"end":{"line":10,"column":23}},"loc":{"start":{"line":10,"column":28},"end":{"line":12,"column":1}},"line":10},"1":{"name":"querySelectorAll","decl":{"start":{"line":19,"column":16},"end":{"line":19,"column":32}},"loc":{"start":{"line":19,"column":43},"end":{"line":21,"column":1}},"line":19},"2":{"name":"querySelector","decl":{"start":{"line":28,"column":16},"end":{"line":28,"column":29}},"loc":{"start":{"line":28,"column":40},"end":{"line":30,"column":1}},"line":28},"3":{"name":"addClass","decl":{"start":{"line":37,"column":16},"end":{"line":37,"column":24}},"loc":{"start":{"line":37,"column":45},"end":{"line":41,"column":1}},"line":37},"4":{"name":"removeClass","decl":{"start":{"line":48,"column":16},"end":{"line":48,"column":27}},"loc":{"start":{"line":48,"column":48},"end":{"line":52,"column":1}},"line":48},"5":{"name":"toggleClass","decl":{"start":{"line":59,"column":16},"end":{"line":59,"column":27}},"loc":{"start":{"line":59,"column":48},"end":{"line":63,"column":1}},"line":59},"6":{"name":"setText","decl":{"start":{"line":70,"column":16},"end":{"line":70,"column":23}},"loc":{"start":{"line":70,"column":39},"end":{"line":74,"column":1}},"line":70},"7":{"name":"setHTML","decl":{"start":{"line":81,"column":16},"end":{"line":81,"column":23}},"loc":{"start":{"line":81,"column":39},"end":{"line":85,"column":1}},"line":81},"8":{"name":"addEventListener","decl":{"start":{"line":94,"column":16},"end":{"line":94,"column":32}},"loc":{"start":{"line":94,"column":72},"end":{"line":98,"column":1}},"line":94},"9":{"name":"removeEventListener","decl":{"start":{"line":106,"column":16},"end":{"line":106,"column":35}},"loc":{"start":{"line":106,"column":61},"end":{"line":110,"column":1}},"line":106}},"branchMap":{"0":{"loc":{"start":{"line":38,"column":4},"end":{"line":40,"column":5}},"type":"if","locations":[{"start":{"line":38,"column":4},"end":{"line":40,"column":5}},{"start":{},"end":{}}],"line":38},"1":{"loc":{"start":{"line":49,"column":4},"end":{"line":51,"column":5}},"type":"if","locations":[{"start":{"line":49,"column":4},"end":{"line":51,"column":5}},{"start":{},"end":{}}],"line":49},"2":{"loc":{"start":{"line":60,"column":4},"end":{"line":62,"column":5}},"type":"if","locations":[{"start":{"line":60,"column":4},"end":{"line":62,"column":5}},{"start":{},"end":{}}],"line":60},"3":{"loc":{"start":{"line":71,"column":4},"end":{"line":73,"column":5}},"type":"if","locations":[{"start":{"line":71,"column":4},"end":{"line":73,"column":5}},{"start":{},"end":{}}],"line":71},"4":{"loc":{"start":{"line":82,"column":4},"end":{"line":84,"column":5}},"type":"if","locations":[{"start":{"line":82,"column":4},"end":{"line":84,"column":5}},{"start":{},"end":{}}],"line":82},"5":{"loc":{"start":{"line":94,"column":58},"end":{"line":94,"column":70}},"type":"default-arg","locations":[{"start":{"line":94,"column":68},"end":{"line":94,"column":70}}],"line":94},"6":{"loc":{"start":{"line":95,"column":4},"end":{"line":97,"column":5}},"type":"if","locations":[{"start":{"line":95,"column":4},"end":{"line":97,"column":5}},{"start":{},"end":{}}],"line":95},"7":{"loc":{"start":{"line":107,"column":4},"end":{"line":109,"column":5}},"type":"if","locations":[{"start":{"line":107,"column":4},"end":{"line":109,"column":5}},{"start":{},"end":{}}],"line":107}},"s":{"0":20,"1":2,"2":2,"3":13,"4":11,"5":33,"6":31,"7":4,"8":2,"9":13,"10":11,"11":3,"12":1,"13":3,"14":1,"15":3,"16":1},"f":{"0":20,"1":2,"2":2,"3":13,"4":33,"5":4,"6":13,"7":3,"8":3,"9":3},"b":{"0":[11,2],"1":[31,2],"2":[2,2],"3":[11,2],"4":[1,2],"5":[3],"6":[1,2],"7":[1,2]},"inputSourceMap":null,"_coverageSchema":"1a1c01bbd47fc00a2c39e90264f33305004495a9","hash":"06496d33861b2508dac43f5164b4a85627c7247e"}
,"/Users/vdobranov/Yandex.Disk.localized/Python/Mac/ANCHOR-BOLT-GENERATOR/js/utils/helpers.js": {"path":"/Users/vdobranov/Yandex.Disk.localized/Python/Mac/ANCHOR-BOLT-GENERATOR/js/utils/helpers.js","statementMap":{"0":{"start":{"line":11,"column":4},"end":{"line":11,"column":64}},"1":{"start":{"line":21,"column":19},"end":{"line":21,"column":41}},"2":{"start":{"line":22,"column":4},"end":{"line":22,"column":45}},"3":{"start":{"line":31,"column":4},"end":{"line":31,"column":49}},"4":{"start":{"line":40,"column":4},"end":{"line":42,"column":5}},"5":{"start":{"line":41,"column":8},"end":{"line":41,"column":34}},"6":{"start":{"line":43,"column":4},"end":{"line":45,"column":5}},"7":{"start":{"line":44,"column":8},"end":{"line":44,"column":47}},"8":{"start":{"line":46,"column":4},"end":{"line":46,"column":18}},"9":{"start":{"line":55,"column":4},"end":{"line":55,"column":43}},"10":{"start":{"line":63,"column":4},"end":{"line":63,"column":36}},"11":{"start":{"line":72,"column":4},"end":{"line":72,"column":59}},"12":{"start":{"line":72,"column":34},"end":{"line":72,"column":57}},"13":{"start":{"line":83,"column":4},"end":{"line":90,"column":6}},"14":{"start":{"line":84,"column":22},"end":{"line":87,"column":9}},"15":{"start":{"line":85,"column":12},"end":{"line":85,"column":34}},"16":{"start":{"line":86,"column":12},"end":{"line":86,"column":26}},"17":{"start":{"line":88,"column":8},"end":{"line":88,"column":30}},"18":{"start":{"line":89,"column":8},"end":{"line":89,"column":42}},"19":{"start":{"line":101,"column":4},"end":{"line":107,"column":6}},"20":{"start":{"line":102,"column":8},"end":{"line":106,"column":9}},"21":{"start":{"line":103,"column":12},"end":{"line":103,"column":35}},"22":{"start":{"line":104,"column":12},"end":{"line":104,"column":30}},"23":{"start":{"line":105,"column":12},"end":{"line":105,"column":56}},"24":{"start":{"line":105,"column":29},"end":{"line":105,"column":47}}},"fnMap":{"0":{"name":"formatNumber","decl":{"start":{"line":10,"column":16},"end":{"line":10,"column":28}},"loc":{"start":{"line":10,"column":34},"end":{"line":12,"column":1}},"line":10},"1":{"name":"roundTo","decl":{"start":{"line":20,"column":16},"end":{"line":20,"column":23}},"loc":{"start":{"line":20,"column":43},"end":{"line":23,"column":1}},"line":20},"2":{"name":"isDefined","decl":{"start":{"line":30,"column":16},"end":{"line":30,"column":25}},"loc":{"start":{"line":30,"column":33},"end":{"line":32,"column":1}},"line":30},"3":{"name":"isEmpty","decl":{"start":{"line":39,"column":16},"end":{"line":39,"column":23}},"loc":{"start":{"line":39,"column":31},"end":{"line":47,"column":1}},"line":39},"4":{"name":"deepClone","decl":{"start":{"line":54,"column":16},"end":{"line":54,"column":25}},"loc":{"start":{"line":54,"column":31},"end":{"line":56,"column":1}},"line":54},"5":{"name":"getISODate","decl":{"start":{"line":62,"column":16},"end":{"line":62,"column":26}},"loc":{"start":{"line":62,"column":29},"end":{"line":64,"column":1}},"line":62},"6":{"name":"sleep","decl":{"start":{"line":71,"column":16},"end":{"line":71,"column":21}},"loc":{"start":{"line":71,"column":26},"end":{"line":73,"column":1}},"line":71},"7":{"name":"(anonymous_7)","decl":{"start":{"line":72,"column":23},"end":{"line":72,"column":24}},"loc":{"start":{"line":72,"column":34},"end":{"line":72,"column":57}},"line":72},"8":{"name":"debounce","decl":{"start":{"line":81,"column":16},"end":{"line":81,"column":24}},"loc":{"start":{"line":81,"column":37},"end":{"line":91,"column":1}},"line":81},"9":{"name":"executedFunction","decl":{"start":{"line":83,"column":20},"end":{"line":83,"column":36}},"loc":{"start":{"line":83,"column":46},"end":{"line":90,"column":5}},"line":83},"10":{"name":"(anonymous_10)","decl":{"start":{"line":84,"column":22},"end":{"line":84,"column":23}},"loc":{"start":{"line":84,"column":28},"end":{"line":87,"column":9}},"line":84},"11":{"name":"throttle","decl":{"start":{"line":99,"column":16},"end":{"line":99,"column":24}},"loc":{"start":{"line":99,"column":38},"end":{"line":108,"column":1}},"line":99},"12":{"name":"(anonymous_12)","decl":{"start":{"line":101,"column":11},"end":{"line":101,"column":12}},"loc":{"start":{"line":101,"column":29},"end":{"line":107,"column":5}},"line":101},"13":{"name":"(anonymous_13)","decl":{"start":{"line":105,"column":23},"end":{"line":105,"column":24}},"loc":{"start":{"line":105,"column":29},"end":{"line":105,"column":47}},"line":105}},"branchMap":{"0":{"loc":{"start":{"line":20,"column":29},"end":{"line":20,"column":41}},"type":"default-arg","locations":[{"start":{"line":20,"column":40},"end":{"line":20,"column":41}}],"line":20},"1":{"loc":{"start":{"line":31,"column":11},"end":{"line":31,"column":48}},"type":"binary-expr","locations":[{"start":{"line":31,"column":11},"end":{"line":31,"column":25}},{"start":{"line":31,"column":29},"end":{"line":31,"column":48}}],"line":31},"2":{"loc":{"start":{"line":40,"column":4},"end":{"line":42,"column":5}},"type":"if","locations":[{"start":{"line":40,"column":4},"end":{"line":42,"column":5}},{"start":{},"end":{}}],"line":40},"3":{"loc":{"start":{"line":43,"column":4},"end":{"line":45,"column":5}},"type":"if","locations":[{"start":{"line":43,"column":4},"end":{"line":45,"column":5}},{"start":{},"end":{}}],"line":43},"4":{"loc":{"start":{"line":43,"column":8},"end":{"line":43,"column":51}},"type":"binary-expr","locations":[{"start":{"line":43,"column":8},"end":{"line":43,"column":22}},{"start":{"line":43,"column":26},"end":{"line":43,"column":51}}],"line":43},"5":{"loc":{"start":{"line":102,"column":8},"end":{"line":106,"column":9}},"type":"if","locations":[{"start":{"line":102,"column":8},"end":{"line":106,"column":9}},{"start":{},"end":{}}],"line":102}},"s":{"0":5,"1":5,"2":5,"3":7,"4":12,"5":2,"6":10,"7":2,"8":8,"9":2,"10":2,"11":2,"12":2,"13":3,"14":6,"15":3,"16":3,"17":6,"18":6,"19":3,"20":8,"21":5,"22":5,"23":5,"24":4},"f":{"0":5,"1":5,"2":7,"3":12,"4":2,"5":2,"6":2,"7":2,"8":3,"9":6,"10":3,"11":3,"12":8,"13":4},"b":{"0":[2],"1":[7,6],"2":[2,10],"3":[2,8],"4":[10,9],"5":[5,3]},"inputSourceMap":null,"_coverageSchema":"1a1c01bbd47fc00a2c39e90264f33305004495a9","hash":"7e87a864b3ebdbc3750efba3d3628d18e5a14992"}
}
