TN:
SF:js/core/config.js
FNF:0
FNH:0
DA:5,2
LF:1
LH:1
BRF:0
BRH:0
end_of_record
TN:
SF:js/core/constants.js
FNF:0
FNH:0
DA:5,3
DA:12,3
DA:18,3
DA:20,3
LF:4
LH:4
BRF:0
BRH:0
end_of_record
TN:
SF:js/services/validationService.js
FN:16,(anonymous_0)
FN:33,(anonymous_1)
FN:55,(anonymous_2)
FN:77,(anonymous_3)
FN:94,(anonymous_4)
FNF:5
FNH:5
FNDA:11,(anonymous_0)
FNDA:12,(anonymous_1)
FNDA:9,(anonymous_2)
FNDA:9,(anonymous_3)
FNDA:3,(anonymous_4)
DA:17,11
DA:18,4
DA:21,7
DA:22,2
DA:25,5
DA:34,12
DA:35,3
DA:38,9
DA:39,9
DA:40,1
DA:43,8
DA:44,2
DA:47,6
DA:56,9
DA:57,2
DA:60,7
DA:61,7
DA:62,0
DA:65,7
DA:66,3
DA:69,4
DA:78,9
DA:79,3
DA:82,6
DA:83,2
DA:86,4
DA:95,3
DA:97,3
DA:98,3
DA:100,3
DA:101,3
DA:103,3
DA:104,3
DA:106,3
DA:107,3
DA:109,3
LF:36
LH:35
BRDA:17,0,0,4
BRDA:17,0,1,7
BRDA:21,1,0,2
BRDA:21,1,1,5
BRDA:34,2,0,3
BRDA:34,2,1,9
BRDA:39,3,0,1
BRDA:39,3,1,8
BRDA:43,4,0,2
BRDA:43,4,1,6
BRDA:56,5,0,2
BRDA:56,5,1,7
BRDA:61,6,0,0
BRDA:61,6,1,7
BRDA:65,7,0,3
BRDA:65,7,1,4
BRDA:65,8,0,7
BRDA:65,8,1,5
BRDA:78,9,0,3
BRDA:78,9,1,6
BRDA:82,10,0,2
BRDA:82,10,1,4
BRDA:98,11,0,2
BRDA:98,11,1,1
BRDA:101,12,0,2
BRDA:101,12,1,1
BRDA:104,13,0,2
BRDA:104,13,1,1
BRDA:107,14,0,2
BRDA:107,14,1,1
BRF:30
BRH:29
end_of_record
TN:
SF:js/ui/status.js
FN:13,(anonymous_0)
FN:21,(anonymous_1)
FN:30,(anonymous_2)
FN:37,(anonymous_3)
FN:49,(anonymous_4)
FN:59,(anonymous_5)
FN:69,(anonymous_6)
FN:80,(anonymous_7)
FN:88,(anonymous_8)
FN:96,(anonymous_9)
FNF:10
FNH:9
FNDA:12,(anonymous_0)
FNDA:11,(anonymous_1)
FNDA:10,(anonymous_2)
FNDA:30,(anonymous_3)
FNDA:0,(anonymous_4)
FNDA:1,(anonymous_5)
FNDA:6,(anonymous_6)
FNDA:1,(anonymous_7)
FNDA:1,(anonymous_8)
FNDA:1,(anonymous_9)
DA:14,12
DA:15,12
DA:22,11
DA:31,10
DA:32,10
DA:35,10
DA:37,10
DA:38,30
DA:42,10
DA:43,10
DA:44,10
DA:47,10
DA:48,4
DA:49,4
DA:50,0
DA:60,1
DA:61,1
DA:62,1
DA:70,6
DA:71,1
DA:72,1
DA:81,1
DA:89,1
DA:97,1
DA:102,1
LF:25
LH:24
BRDA:30,0,0,1
BRDA:31,1,0,10
BRDA:31,1,1,0
BRDA:35,2,0,10
BRDA:35,2,1,0
BRDA:47,3,0,4
BRDA:47,3,1,6
BRDA:60,4,0,1
BRDA:60,4,1,0
BRDA:70,5,0,1
BRDA:70,5,1,5
BRF:11
BRH:8
end_of_record
TN:
SF:js/utils/dom.js
FN:10,getById
FN:19,querySelectorAll
FN:28,querySelector
FN:37,addClass
FN:48,removeClass
FN:59,toggleClass
FN:70,setText
FN:81,setHTML
FN:94,addEventListener
FN:106,removeEventListener
FNF:10
FNH:10
FNDA:20,getById
FNDA:2,querySelectorAll
FNDA:2,querySelector
FNDA:13,addClass
FNDA:33,removeClass
FNDA:4,toggleClass
FNDA:13,setText
FNDA:3,setHTML
FNDA:3,addEventListener
FNDA:3,removeEventListener
DA:11,20
DA:20,2
DA:29,2
DA:38,13
DA:39,11
DA:49,33
DA:50,31
DA:60,4
DA:61,2
DA:71,13
DA:72,11
DA:82,3
DA:83,1
DA:95,3
DA:96,1
DA:107,3
DA:108,1
LF:17
LH:17
BRDA:38,0,0,11
BRDA:38,0,1,2
BRDA:49,1,0,31
BRDA:49,1,1,2
BRDA:60,2,0,2
BRDA:60,2,1,2
BRDA:71,3,0,11
BRDA:71,3,1,2
BRDA:82,4,0,1
BRDA:82,4,1,2
BRDA:94,5,0,3
BRDA:95,6,0,1
BRDA:95,6,1,2
BRDA:107,7,0,1
BRDA:107,7,1,2
BRF:15
BRH:15
end_of_record
TN:
SF:js/utils/helpers.js
FN:10,formatNumber
FN:20,roundTo
FN:30,isDefined
FN:39,isEmpty
FN:54,deepClone
FN:62,getISODate
FN:71,sleep
FN:72,(anonymous_7)
FN:81,debounce
FN:83,executedFunction
FN:84,(anonymous_10)
FN:99,throttle
FN:101,(anonymous_12)
FN:105,(anonymous_13)
FNF:14
FNH:14
FNDA:5,formatNumber
FNDA:5,roundTo
FNDA:7,isDefined
FNDA:12,isEmpty
FNDA:2,deepClone
FNDA:2,getISODate
FNDA:2,sleep
FNDA:2,(anonymous_7)
FNDA:3,debounce
FNDA:6,executedFunction
FNDA:3,(anonymous_10)
FNDA:3,throttle
FNDA:8,(anonymous_12)
FNDA:4,(anonymous_13)
DA:11,5
DA:21,5
DA:22,5
DA:31,7
DA:40,12
DA:41,2
DA:43,10
DA:44,2
DA:46,8
DA:55,2
DA:63,2
DA:72,2
DA:83,3
DA:84,6
DA:85,3
DA:86,3
DA:88,6
DA:89,6
DA:101,3
DA:102,8
DA:103,5
DA:104,5
DA:105,5
LF:23
LH:23
BRDA:20,0,0,2
BRDA:31,1,0,7
BRDA:31,1,1,6
BRDA:40,2,0,2
BRDA:40,2,1,10
BRDA:43,3,0,2
BRDA:43,3,1,8
BRDA:43,4,0,10
BRDA:43,4,1,9
BRDA:102,5,0,5
BRDA:102,5,1,3
BRF:11
BRH:11
end_of_record
